<?xml version="1.0" encoding="UTF-8"?>
<!-- Generated by org.testng.reporters.JUnitReportReporter -->
<testsuite hostname="SOURABH" failures="0" tests="1" name="com.commerce.testCases.TC_AddnewCustomerTest_003" time="57.027" errors="0" timestamp="2022-06-09T09:23:59 IST" skipped="0">
  <testcase classname="com.commerce.testCases.TC_AddnewCustomerTest_003" name="addNewCustomerTest" time="57.027"/>
  <system-out/>
</testsuite> <!-- com.commerce.testCases.TC_AddnewCustomerTest_003 -->
