<?xml version="1.0" encoding="UTF-8"?>
<!-- Generated by org.testng.reporters.JUnitReportReporter -->
<testsuite hostname="SOURABH" failures="0" tests="3" name="com.commerce.testCases.TC_LoginTest_001" time="33.486" errors="0" timestamp="2022-05-03T14:14:13 IST" skipped="0">
  <testcase classname="com.commerce.testCases.TC_LoginTest_001" name="loginTest" time="10.938"/>
  <system-out/>
  <testcase classname="com.commerce.testCases.TC_LoginTest_001" name="loginTest" time="11.015"/>
  <system-out/>
  <testcase classname="com.commerce.testCases.TC_LoginTest_001" name="loginTest" time="11.533"/>
  <system-out/>
</testsuite> <!-- com.commerce.testCases.TC_LoginTest_001 -->
