<?xml version="1.0" encoding="UTF-8"?>
<!-- Generated by org.testng.reporters.JUnitReportReporter -->
<testsuite hostname="SOURABH" failures="0" tests="1" name="com.commerce.testCases.TC_LoginTest_001" time="9.338" errors="0" timestamp="2022-05-04T16:20:21 IST" skipped="0">
  <testcase classname="com.commerce.testCases.TC_LoginTest_001" name="loginTest" time="9.338"/>
  <system-out/>
</testsuite> <!-- com.commerce.testCases.TC_LoginTest_001 -->
